2019-08-19 15:31:59.637 - [main] DEBUG - i.n.u.i.l.InternalLoggerFactory - Using SLF4J as the default logging framework
2019-08-19 15:31:59.648 - [main] DEBUG - i.n.c.MultithreadEventLoopGroup - -Dio.netty.eventLoopThreads: 8
2019-08-19 15:31:59.683 - [main] DEBUG - io.netty.channel.nio.NioEventLoop - -Dio.netty.noKeySetOptimization: false
2019-08-19 15:31:59.683 - [main] DEBUG - io.netty.channel.nio.NioEventLoop - -Dio.netty.selectorAutoRebuildThreshold: 512
2019-08-19 15:31:59.703 - [main] DEBUG - i.n.util.internal.PlatformDependent - Platform: Windows
2019-08-19 15:31:59.705 - [main] DEBUG - i.n.u.internal.PlatformDependent0 - -Dio.netty.noUnsafe: false
2019-08-19 15:31:59.705 - [main] DEBUG - i.n.u.internal.PlatformDependent0 - Java version: 8
2019-08-19 15:31:59.707 - [main] DEBUG - i.n.u.internal.PlatformDependent0 - sun.misc.Unsafe.theUnsafe: available
2019-08-19 15:31:59.708 - [main] DEBUG - i.n.u.internal.PlatformDependent0 - sun.misc.Unsafe.copyMemory: available
2019-08-19 15:31:59.708 - [main] DEBUG - i.n.u.internal.PlatformDependent0 - java.nio.Buffer.address: available
2019-08-19 15:31:59.709 - [main] DEBUG - i.n.u.internal.PlatformDependent0 - direct buffer constructor: available
2019-08-19 15:31:59.709 - [main] DEBUG - i.n.u.internal.PlatformDependent0 - java.nio.Bits.unaligned: available, true
2019-08-19 15:31:59.709 - [main] DEBUG - i.n.u.internal.PlatformDependent0 - jdk.internal.misc.Unsafe.allocateUninitializedArray(int): unavailable prior to Java9
2019-08-19 15:31:59.709 - [main] DEBUG - i.n.u.internal.PlatformDependent0 - java.nio.DirectByteBuffer.<init>(long, int): available
2019-08-19 15:31:59.709 - [main] DEBUG - i.n.util.internal.PlatformDependent - sun.misc.Unsafe: available
2019-08-19 15:31:59.710 - [main] DEBUG - i.n.util.internal.PlatformDependent - -Dio.netty.tmpdir: C:\Users\ADMINI~1\AppData\Local\Temp (java.io.tmpdir)
2019-08-19 15:31:59.710 - [main] DEBUG - i.n.util.internal.PlatformDependent - -Dio.netty.bitMode: 64 (sun.arch.data.model)
2019-08-19 15:31:59.711 - [main] DEBUG - i.n.util.internal.PlatformDependent - -Dio.netty.noPreferDirect: false
2019-08-19 15:31:59.711 - [main] DEBUG - i.n.util.internal.PlatformDependent - -Dio.netty.maxDirectMemory: 1884815360 bytes
2019-08-19 15:31:59.711 - [main] DEBUG - i.n.util.internal.PlatformDependent - -Dio.netty.uninitializedArrayAllocationThreshold: -1
2019-08-19 15:31:59.712 - [main] DEBUG - io.netty.util.internal.CleanerJava6 - java.nio.ByteBuffer.cleaner(): available
2019-08-19 15:31:59.719 - [main] DEBUG - i.n.util.internal.PlatformDependent - org.jctools-core.MpscChunkedArrayQueue: available
2019-08-19 15:32:00.114 - [main] DEBUG - io.netty.channel.DefaultChannelId - -Dio.netty.processId: 7856 (auto-detected)
2019-08-19 15:32:00.116 - [main] DEBUG - io.netty.util.NetUtil - -Djava.net.preferIPv4Stack: false
2019-08-19 15:32:00.116 - [main] DEBUG - io.netty.util.NetUtil - -Djava.net.preferIPv6Addresses: false
2019-08-19 15:32:00.217 - [main] DEBUG - io.netty.util.NetUtil - Loopback interface: lo (Software Loopback Interface 1, 127.0.0.1)
2019-08-19 15:32:00.218 - [main] DEBUG - io.netty.util.NetUtil - Failed to get SOMAXCONN from sysctl and file \proc\sys\net\core\somaxconn. Default: 200
2019-08-19 15:32:00.414 - [main] DEBUG - io.netty.channel.DefaultChannelId - -Dio.netty.machineId: 94:de:80:ff:fe:ba:1d:7a (auto-detected)
2019-08-19 15:32:00.419 - [main] DEBUG - i.n.u.i.InternalThreadLocalMap - -Dio.netty.threadLocalMap.stringBuilder.initialSize: 1024
2019-08-19 15:32:00.419 - [main] DEBUG - i.n.u.i.InternalThreadLocalMap - -Dio.netty.threadLocalMap.stringBuilder.maxSize: 4096
2019-08-19 15:32:00.427 - [main] DEBUG - io.netty.util.ResourceLeakDetector - -Dio.netty.leakDetection.level: simple
2019-08-19 15:32:00.427 - [main] DEBUG - io.netty.util.ResourceLeakDetector - -Dio.netty.leakDetection.targetRecords: 4
2019-08-19 15:32:00.449 - [main] DEBUG - i.n.buffer.PooledByteBufAllocator - -Dio.netty.allocator.numHeapArenas: 8
2019-08-19 15:32:00.449 - [main] DEBUG - i.n.buffer.PooledByteBufAllocator - -Dio.netty.allocator.numDirectArenas: 8
2019-08-19 15:32:00.449 - [main] DEBUG - i.n.buffer.PooledByteBufAllocator - -Dio.netty.allocator.pageSize: 8192
2019-08-19 15:32:00.449 - [main] DEBUG - i.n.buffer.PooledByteBufAllocator - -Dio.netty.allocator.maxOrder: 11
2019-08-19 15:32:00.449 - [main] DEBUG - i.n.buffer.PooledByteBufAllocator - -Dio.netty.allocator.chunkSize: 16777216
2019-08-19 15:32:00.449 - [main] DEBUG - i.n.buffer.PooledByteBufAllocator - -Dio.netty.allocator.tinyCacheSize: 512
2019-08-19 15:32:00.449 - [main] DEBUG - i.n.buffer.PooledByteBufAllocator - -Dio.netty.allocator.smallCacheSize: 256
2019-08-19 15:32:00.450 - [main] DEBUG - i.n.buffer.PooledByteBufAllocator - -Dio.netty.allocator.normalCacheSize: 64
2019-08-19 15:32:00.450 - [main] DEBUG - i.n.buffer.PooledByteBufAllocator - -Dio.netty.allocator.maxCachedBufferCapacity: 32768
2019-08-19 15:32:00.450 - [main] DEBUG - i.n.buffer.PooledByteBufAllocator - -Dio.netty.allocator.cacheTrimInterval: 8192
2019-08-19 15:32:00.450 - [main] DEBUG - i.n.buffer.PooledByteBufAllocator - -Dio.netty.allocator.useCacheForAllThreads: true
2019-08-19 15:32:00.461 - [main] DEBUG - io.netty.buffer.ByteBufUtil - -Dio.netty.allocator.type: pooled
2019-08-19 15:32:00.461 - [main] DEBUG - io.netty.buffer.ByteBufUtil - -Dio.netty.threadLocalDirectBufferSize: 0
2019-08-19 15:32:00.461 - [main] DEBUG - io.netty.buffer.ByteBufUtil - -Dio.netty.maxThreadLocalCharBufferSize: 16384
2019-08-19 15:33:00.084 - [main] DEBUG - i.n.u.i.l.InternalLoggerFactory - Using SLF4J as the default logging framework
2019-08-19 15:33:00.087 - [main] DEBUG - i.n.c.MultithreadEventLoopGroup - -Dio.netty.eventLoopThreads: 8
2019-08-19 15:33:00.109 - [main] DEBUG - io.netty.channel.nio.NioEventLoop - -Dio.netty.noKeySetOptimization: false
2019-08-19 15:33:00.110 - [main] DEBUG - io.netty.channel.nio.NioEventLoop - -Dio.netty.selectorAutoRebuildThreshold: 512
2019-08-19 15:33:00.124 - [main] DEBUG - i.n.util.internal.PlatformDependent - Platform: Windows
2019-08-19 15:33:00.125 - [main] DEBUG - i.n.u.internal.PlatformDependent0 - -Dio.netty.noUnsafe: false
2019-08-19 15:33:00.126 - [main] DEBUG - i.n.u.internal.PlatformDependent0 - Java version: 8
2019-08-19 15:33:00.127 - [main] DEBUG - i.n.u.internal.PlatformDependent0 - sun.misc.Unsafe.theUnsafe: available
2019-08-19 15:33:00.127 - [main] DEBUG - i.n.u.internal.PlatformDependent0 - sun.misc.Unsafe.copyMemory: available
2019-08-19 15:33:00.128 - [main] DEBUG - i.n.u.internal.PlatformDependent0 - java.nio.Buffer.address: available
2019-08-19 15:33:00.128 - [main] DEBUG - i.n.u.internal.PlatformDependent0 - direct buffer constructor: available
2019-08-19 15:33:00.129 - [main] DEBUG - i.n.u.internal.PlatformDependent0 - java.nio.Bits.unaligned: available, true
2019-08-19 15:33:00.129 - [main] DEBUG - i.n.u.internal.PlatformDependent0 - jdk.internal.misc.Unsafe.allocateUninitializedArray(int): unavailable prior to Java9
2019-08-19 15:33:00.129 - [main] DEBUG - i.n.u.internal.PlatformDependent0 - java.nio.DirectByteBuffer.<init>(long, int): available
2019-08-19 15:33:00.129 - [main] DEBUG - i.n.util.internal.PlatformDependent - sun.misc.Unsafe: available
2019-08-19 15:33:00.129 - [main] DEBUG - i.n.util.internal.PlatformDependent - -Dio.netty.tmpdir: C:\Users\ADMINI~1\AppData\Local\Temp (java.io.tmpdir)
2019-08-19 15:33:00.129 - [main] DEBUG - i.n.util.internal.PlatformDependent - -Dio.netty.bitMode: 64 (sun.arch.data.model)
2019-08-19 15:33:00.131 - [main] DEBUG - i.n.util.internal.PlatformDependent - -Dio.netty.noPreferDirect: false
2019-08-19 15:33:00.131 - [main] DEBUG - i.n.util.internal.PlatformDependent - -Dio.netty.maxDirectMemory: 1884815360 bytes
2019-08-19 15:33:00.131 - [main] DEBUG - i.n.util.internal.PlatformDependent - -Dio.netty.uninitializedArrayAllocationThreshold: -1
2019-08-19 15:33:00.131 - [main] DEBUG - io.netty.util.internal.CleanerJava6 - java.nio.ByteBuffer.cleaner(): available
2019-08-19 15:33:00.137 - [main] DEBUG - i.n.util.internal.PlatformDependent - org.jctools-core.MpscChunkedArrayQueue: available
2019-08-19 15:33:00.314 - [main] DEBUG - io.netty.channel.DefaultChannelId - -Dio.netty.processId: 9816 (auto-detected)
2019-08-19 15:33:00.317 - [main] DEBUG - io.netty.util.NetUtil - -Djava.net.preferIPv4Stack: false
2019-08-19 15:33:00.317 - [main] DEBUG - io.netty.util.NetUtil - -Djava.net.preferIPv6Addresses: false
2019-08-19 15:33:00.364 - [main] DEBUG - io.netty.util.NetUtil - Loopback interface: lo (Software Loopback Interface 1, 127.0.0.1)
2019-08-19 15:33:00.365 - [main] DEBUG - io.netty.util.NetUtil - Failed to get SOMAXCONN from sysctl and file \proc\sys\net\core\somaxconn. Default: 200
2019-08-19 15:33:00.424 - [main] DEBUG - io.netty.channel.DefaultChannelId - -Dio.netty.machineId: 94:de:80:ff:fe:ba:1d:7a (auto-detected)
2019-08-19 15:33:00.429 - [main] DEBUG - i.n.u.i.InternalThreadLocalMap - -Dio.netty.threadLocalMap.stringBuilder.initialSize: 1024
2019-08-19 15:33:00.429 - [main] DEBUG - i.n.u.i.InternalThreadLocalMap - -Dio.netty.threadLocalMap.stringBuilder.maxSize: 4096
2019-08-19 15:33:00.437 - [main] DEBUG - io.netty.util.ResourceLeakDetector - -Dio.netty.leakDetection.level: simple
2019-08-19 15:33:00.438 - [main] DEBUG - io.netty.util.ResourceLeakDetector - -Dio.netty.leakDetection.targetRecords: 4
2019-08-19 15:33:00.457 - [main] DEBUG - i.n.buffer.PooledByteBufAllocator - -Dio.netty.allocator.numHeapArenas: 8
2019-08-19 15:33:00.458 - [main] DEBUG - i.n.buffer.PooledByteBufAllocator - -Dio.netty.allocator.numDirectArenas: 8
2019-08-19 15:33:00.458 - [main] DEBUG - i.n.buffer.PooledByteBufAllocator - -Dio.netty.allocator.pageSize: 8192
2019-08-19 15:33:00.458 - [main] DEBUG - i.n.buffer.PooledByteBufAllocator - -Dio.netty.allocator.maxOrder: 11
2019-08-19 15:33:00.458 - [main] DEBUG - i.n.buffer.PooledByteBufAllocator - -Dio.netty.allocator.chunkSize: 16777216
2019-08-19 15:33:00.458 - [main] DEBUG - i.n.buffer.PooledByteBufAllocator - -Dio.netty.allocator.tinyCacheSize: 512
2019-08-19 15:33:00.458 - [main] DEBUG - i.n.buffer.PooledByteBufAllocator - -Dio.netty.allocator.smallCacheSize: 256
2019-08-19 15:33:00.458 - [main] DEBUG - i.n.buffer.PooledByteBufAllocator - -Dio.netty.allocator.normalCacheSize: 64
2019-08-19 15:33:00.458 - [main] DEBUG - i.n.buffer.PooledByteBufAllocator - -Dio.netty.allocator.maxCachedBufferCapacity: 32768
2019-08-19 15:33:00.458 - [main] DEBUG - i.n.buffer.PooledByteBufAllocator - -Dio.netty.allocator.cacheTrimInterval: 8192
2019-08-19 15:33:00.458 - [main] DEBUG - i.n.buffer.PooledByteBufAllocator - -Dio.netty.allocator.useCacheForAllThreads: true
2019-08-19 15:33:00.465 - [main] DEBUG - io.netty.buffer.ByteBufUtil - -Dio.netty.allocator.type: pooled
2019-08-19 15:33:00.465 - [main] DEBUG - io.netty.buffer.ByteBufUtil - -Dio.netty.threadLocalDirectBufferSize: 0
2019-08-19 15:33:00.465 - [main] DEBUG - io.netty.buffer.ByteBufUtil - -Dio.netty.maxThreadLocalCharBufferSize: 16384
2019-08-19 15:33:17.909 - [main] DEBUG - io.netty.util.Recycler - -Dio.netty.recycler.maxCapacityPerThread: 4096
2019-08-19 15:33:17.909 - [main] DEBUG - io.netty.util.Recycler - -Dio.netty.recycler.maxSharedCapacityFactor: 2
2019-08-19 15:33:17.909 - [main] DEBUG - io.netty.util.Recycler - -Dio.netty.recycler.linkCapacity: 16
2019-08-19 15:33:17.910 - [main] DEBUG - io.netty.util.Recycler - -Dio.netty.recycler.ratio: 8
2019-08-19 15:33:17.930 - [nioEventLoopGroup-2-1] DEBUG - io.netty.buffer.AbstractByteBuf - -Dio.netty.buffer.bytebuf.checkAccessible: true
2019-08-19 15:33:17.941 - [nioEventLoopGroup-2-1] DEBUG - i.n.u.ResourceLeakDetectorFactory - Loaded default ResourceLeakDetector: io.netty.util.ResourceLeakDetector@786dd0ac
2019-08-19 15:33:17.947 - [nioEventLoopGroup-3-1] DEBUG - io.netty.util.Recycler - -Dio.netty.recycler.maxCapacityPerThread: 4096
2019-08-19 15:33:17.947 - [nioEventLoopGroup-3-1] DEBUG - io.netty.util.Recycler - -Dio.netty.recycler.maxSharedCapacityFactor: 2
2019-08-19 15:33:17.948 - [nioEventLoopGroup-3-1] DEBUG - io.netty.util.Recycler - -Dio.netty.recycler.linkCapacity: 16
2019-08-19 15:33:17.948 - [nioEventLoopGroup-3-1] DEBUG - io.netty.util.Recycler - -Dio.netty.recycler.ratio: 8
2019-08-19 15:33:17.972 - [nioEventLoopGroup-3-1] DEBUG - io.netty.buffer.AbstractByteBuf - -Dio.netty.buffer.bytebuf.checkAccessible: true
2019-08-19 15:33:17.973 - [nioEventLoopGroup-3-1] DEBUG - i.n.u.ResourceLeakDetectorFactory - Loaded default ResourceLeakDetector: io.netty.util.ResourceLeakDetector@73c25577
